<?xml version="1.0" encoding="UTF-8"?>
<!-- Generated by org.testng.reporters.JUnitXMLReporter -->
<testsuite ignored="0" hostname="DESKTOP-HBLIDDC" failures="1" tests="4" name="Error Validation Test" time="74.502" errors="0" timestamp="2024-09-22T20:33:39 ART">
  <testcase classname="Tests.ErrorValidationTest" name="LoginErrorValidation" time="0.651">
    <skipped/>
  </testcase> <!-- LoginErrorValidation -->
  <testcase classname="Tests.ErrorValidationTest" name="LoginErrorValidation" time="0.656">
    <skipped/>
  </testcase> <!-- LoginErrorValidation -->
  <testcase classname="Tests.ErrorValidationTest" name="LoginErrorValidation" time="1.172">
    <failure type="java.lang.AssertionError">
      <![CDATA[java.lang.AssertionError
at org.junit.Assert.fail(Assert.java:87)
at org.junit.Assert.assertTrue(Assert.java:42)
at org.junit.Assert.assertFalse(Assert.java:65)
at org.junit.Assert.assertFalse(Assert.java:75)
at Tests.ErrorValidationTest.LoginErrorValidation(ErrorValidationTest.java:25)
at java.base/java.util.ArrayList.forEach(ArrayList.java:1597)
at java.base/java.util.concurrent.FutureTask.run(FutureTask.java:317)
at java.base/java.util.concurrent.ThreadPoolExecutor.runWorker(ThreadPoolExecutor.java:1144)
at java.base/java.util.concurrent.ThreadPoolExecutor$Worker.run(ThreadPoolExecutor.java:642)
at java.base/java.lang.Thread.run(Thread.java:1570)
... Removed 16 stack frames]]>
    </failure>
  </testcase> <!-- LoginErrorValidation -->
  <testcase classname="Tests.ErrorValidationTest" name="ProductErrorValidation" time="15.517"/>
</testsuite> <!-- Error Validation Test -->
