<?xml version="1.0" encoding="UTF-8"?>
<!-- Generated by org.testng.reporters.JUnitXMLReporter -->
<testsuite ignored="0" hostname="DESKTOP-HBLIDDC" failures="0" tests="3" name="Submit Order Test" time="81.912" errors="0" timestamp="2024-09-22T20:33:46 ART">
  <testcase classname="Tests.SubmitOrderTest" name="testSubmitOrder" time="18.982"/>
  <testcase classname="Tests.SubmitOrderTest" name="testSubmitOrder" time="17.914"/>
  <testcase classname="Tests.SubmitOrderTest" name="OrderHistory" time="1.826"/>
</testsuite> <!-- Submit Order Test -->
